<?xml version="1.0" encoding="UTF-8"?>
<testsuite name="practical1.NumberToolsTest" tests="2" skipped="0" failures="0" errors="0" timestamp="2024-09-27T12:19:35" hostname="d066022.stir.ac.uk" time="0.012">
  <properties/>
  <testcase name="testParse" classname="practical1.NumberToolsTest" time="0.003"/>
  <testcase name="testComputeStatistic" classname="practical1.NumberToolsTest" time="0.009"/>
  <system-out><![CDATA[]]></system-out>
  <system-err><![CDATA[]]></system-err>
</testsuite>
